<?xml version="1.0" encoding="UTF-8"?>
<testng-results ignored="0" total="3" passed="3" failed="0" skipped="0">
  <reporter-output>
  </reporter-output>
  <suite started-at="2025-04-05T08:55:26 IST" name="Default suite" finished-at="2025-04-05T08:55:51 IST" duration-ms="24135">
    <groups>
    </groups>
    <test started-at="2025-04-05T08:55:26 IST" name="Default test" finished-at="2025-04-05T08:55:51 IST" duration-ms="24135">
      <class name="com.orangehrm.tests.OrangeHRMTest">
        <test-method is-config="true" signature="setup()[pri:0, instance:com.orangehrm.tests.OrangeHRMTest@15de0b3c]" started-at="2025-04-05T08:55:26 IST" name="setup" finished-at="2025-04-05T08:55:31 IST" duration-ms="4649" status="PASS">
          <reporter-output>
          </reporter-output>
        </test-method> <!-- setup -->
        <test-method signature="loginTest()[pri:1, instance:com.orangehrm.tests.OrangeHRMTest@15de0b3c]" started-at="2025-04-05T08:55:31 IST" name="loginTest" finished-at="2025-04-05T08:55:33 IST" duration-ms="2386" status="PASS">
          <reporter-output>
          </reporter-output>
        </test-method> <!-- loginTest -->
        <test-method signature="addEmployeesTest()[pri:2, instance:com.orangehrm.tests.OrangeHRMTest@15de0b3c]" started-at="2025-04-05T08:55:33 IST" name="addEmployeesTest" finished-at="2025-04-05T08:55:44 IST" duration-ms="10109" status="PASS">
          <reporter-output>
          </reporter-output>
        </test-method> <!-- addEmployeesTest -->
        <test-method signature="verifyEmployeesTest()[pri:3, instance:com.orangehrm.tests.OrangeHRMTest@15de0b3c]" started-at="2025-04-05T08:55:44 IST" name="verifyEmployeesTest" finished-at="2025-04-05T08:55:51 IST" duration-ms="6927" status="PASS">
          <reporter-output>
          </reporter-output>
        </test-method> <!-- verifyEmployeesTest -->
      </class> <!-- com.orangehrm.tests.OrangeHRMTest -->
    </test> <!-- Default test -->
  </suite> <!-- Default suite -->
</testng-results>
